mediapicker/build/outputs/logs/manifest-merger-debug-report.txt
-- Merging decision tree log ---
manifest
ADDED from src\main\AndroidManifest.xml:1:1-36:12
INJECTED from src\main\AndroidManifest.xml:1:1-36:12
INJECTED from src\main\AndroidManifest.xml:1:1-36:12
INJECTED from src\main\AndroidManifest.xml:1:1-36:12
INJECTED from src\main\AndroidManifest.xml:1:1-36:12
INJECTED from src\main\AndroidManifest.xml:1:1-36:12
INJECTED from src\main\AndroidManifest.xml:1:1-36:12
	package
		ADDED from src\main\AndroidManifest.xml:2:5-37
		INJECTED from src\main\AndroidManifest.xml
		INJECTED from src\main\AndroidManifest.xml
	android:versionName
		INJECTED from src\main\AndroidManifest.xml
		ADDED from src\main\AndroidManifest.xml:1:1-36:12
		INJECTED from src\main\AndroidManifest.xml
	android:versionCode
		INJECTED from src\main\AndroidManifest.xml
		ADDED from src\main\AndroidManifest.xml:1:1-36:12
		INJECTED from src\main\AndroidManifest.xml
	xmlns:android
		ADDED from src\main\AndroidManifest.xml:1:11-69
uses-permission#android.permission.READ_EXTERNAL_STORAGE
ADDED from src\main\AndroidManifest.xml:3:5-80
	android:name
		ADDED from src\main\AndroidManifest.xml:3:22-77
uses-permission#android.permission.WRITE_EXTERNAL_STORAGE
ADDED from src\main\AndroidManifest.xml:4:5-80
	android:name
		ADDED from src\main\AndroidManifest.xml:4:22-78
uses-permission#android.permission.INTERNET
ADDED from src\main\AndroidManifest.xml:5:5-66
	android:name
		ADDED from src\main\AndroidManifest.xml:5:22-64
uses-permission#android.permission.ACCESS_NETWORK_STATE
ADDED from src\main\AndroidManifest.xml:6:5-78
	android:name
		ADDED from src\main\AndroidManifest.xml:6:22-76
application
ADDED from src\main\AndroidManifest.xml:7:5-34:19
	android:supportsRtl
		ADDED from src\main\AndroidManifest.xml:8:9-35
	android:allowBackup
		ADDED from src\main\AndroidManifest.xml:7:18-44
provider#com.dmcbig.mediapicker.utils.DmcFileProvider
ADDED from src\main\AndroidManifest.xml:10:9-18:20
	android:grantUriPermissions
		ADDED from src\main\AndroidManifest.xml:13:13-47
	android:authorities
		ADDED from src\main\AndroidManifest.xml:12:13-55
	android:exported
		ADDED from src\main\AndroidManifest.xml:14:13-37
	android:name
		ADDED from src\main\AndroidManifest.xml:11:13-50
meta-data#android.support.FILE_PROVIDER_PATHS
ADDED from src\main\AndroidManifest.xml:15:13-17:58
	android:resource
		ADDED from src\main\AndroidManifest.xml:17:17-55
	android:name
		ADDED from src\main\AndroidManifest.xml:16:17-67
activity#com.dmcbig.mediapicker.PickerActivity
ADDED from src\main\AndroidManifest.xml:19:9-23:68
	android:windowSoftInputMode
		ADDED from src\main\AndroidManifest.xml:21:13-60
	android:configChanges
		ADDED from src\main\AndroidManifest.xml:20:13-59
	android:theme
		ADDED from src\main\AndroidManifest.xml:22:13-63
	android:name
		ADDED from src\main\AndroidManifest.xml:23:13-65
activity#com.dmcbig.mediapicker.PreviewActivity
ADDED from src\main\AndroidManifest.xml:24:9-28:69
	android:windowSoftInputMode
		ADDED from src\main\AndroidManifest.xml:26:13-60
	android:configChanges
		ADDED from src\main\AndroidManifest.xml:25:13-59
	android:theme
		ADDED from src\main\AndroidManifest.xml:27:13-63
	android:name
		ADDED from src\main\AndroidManifest.xml:28:13-66
activity#com.dmcbig.mediapicker.TakePhotoActivity
ADDED from src\main\AndroidManifest.xml:29:9-33:71
	android:windowSoftInputMode
		ADDED from src\main\AndroidManifest.xml:31:13-60
	android:configChanges
		ADDED from src\main\AndroidManifest.xml:30:13-59
	android:theme
		ADDED from src\main\AndroidManifest.xml:32:13-63
	android:name
		ADDED from src\main\AndroidManifest.xml:33:13-68
uses-sdk
INJECTED from src\main\AndroidManifest.xml reason: use-sdk injection requested
INJECTED from src\main\AndroidManifest.xml
INJECTED from src\main\AndroidManifest.xml
INJECTED from src\main\AndroidManifest.xml
INJECTED from src\main\AndroidManifest.xml
	android:targetSdkVersion
		INJECTED from src\main\AndroidManifest.xml
		ADDED from src\main\AndroidManifest.xml
		INJECTED from src\main\AndroidManifest.xml
	android:minSdkVersion
		INJECTED from src\main\AndroidManifest.xml
		ADDED from src\main\AndroidManifest.xml
		INJECTED from src\main\AndroidManifest.xml